<?xml version="1.0" encoding="UTF-8"?>
<robot generator="Robot 6.0.2 (Python 3.10.4 on win32)" generated="20230119 14:20:04.128" rpa="false" schemaversion="3">
<suite id="s1" name="Demo3" source="C:\Users\40032433\Robot_project1\robot_suite\demo3.robot">
<test id="s1-t1" name="TC9" line="49">
<kw name="Create Dictionary" library="BuiltIn">
<var>&amp;{emp}</var>
<arg>empo=101</arg>
<arg>empn=len</arg>
<doc>Creates and returns a dictionary based on the given ``items``.</doc>
<msg timestamp="20230119 14:20:04.181" level="INFO">&amp;{emp} = { empo=101 | empn=len }</msg>
<status status="PASS" starttime="20230119 14:20:04.181" endtime="20230119 14:20:04.181"/>
</kw>
<kw name="Log To Console" library="BuiltIn">
<arg>${emp}[empo]</arg>
<doc>Logs the given message to the console.</doc>
<status status="PASS" starttime="20230119 14:20:04.181" endtime="20230119 14:20:04.181"/>
</kw>
<status status="PASS" starttime="20230119 14:20:04.181" endtime="20230119 14:20:04.181"/>
</test>
<status status="PASS" starttime="20230119 14:20:04.140" endtime="20230119 14:20:04.181"/>
</suite>
<statistics>
<total>
<stat pass="1" fail="0" skip="0">All Tests</stat>
</total>
<tag>
</tag>
<suite>
<stat pass="1" fail="0" skip="0" id="s1" name="Demo3">Demo3</stat>
</suite>
</statistics>
<errors>
</errors>
</robot>
